TN:
SF:index.js
FN:4,(anonymous_0)
FN:9,(anonymous_1)
FN:13,(anonymous_2)
FN:19,(anonymous_3)
FN:26,(anonymous_4)
FN:30,(anonymous_5)
FN:31,(anonymous_6)
FN:32,(anonymous_7)
FN:33,(anonymous_8)
FN:38,(anonymous_9)
FN:39,(anonymous_10)
FN:43,(anonymous_11)
FN:54,(anonymous_12)
FN:57,(anonymous_13)
FNF:14
FNH:13
FNDA:1,(anonymous_0)
FNDA:3,(anonymous_1)
FNDA:3,(anonymous_2)
FNDA:4,(anonymous_3)
FNDA:1,(anonymous_4)
FNDA:1,(anonymous_5)
FNDA:1,(anonymous_6)
FNDA:1,(anonymous_7)
FNDA:1,(anonymous_8)
FNDA:1,(anonymous_9)
FNDA:1,(anonymous_10)
FNDA:4,(anonymous_11)
FNDA:1,(anonymous_12)
FNDA:0,(anonymous_13)
DA:1,1
DA:6,1
DA:10,3
DA:15,3
DA:16,3
DA:20,4
DA:22,4
DA:23,4
DA:27,1
DA:31,1
DA:32,1
DA:34,1
DA:39,1
DA:40,1
DA:41,1
DA:43,1
DA:44,4
DA:45,1
DA:46,1
DA:48,0
DA:52,1
DA:55,1
DA:58,0
DA:63,1
LF:24
LH:22
BRDA:44,0,0,1
BRDA:44,0,1,3
BRDA:45,1,0,1
BRDA:45,1,1,0
BRF:4
BRH:3
end_of_record
